<?xml version="1.0" encoding="UTF-8"?>
<TestRun id="9998f8fa-15c4-435b-b2ac-1df225201222" name="Student@10266A-GEN-DEV 2022-06-30 01:16:16" runUser="10266A-GEN-DEV\Student" xmlns="http://microsoft.com/schemas/VisualStudio/TeamTest/2010">
  <TestSettings name="Local" id="63150442-023f-4362-ac0f-2805b5a9e2b5">
    <Description>These are default test settings for a local test run.</Description>
    <Deployment enabled="false" runDeploymentRoot="Student_10266A-GEN-DEV 2022-06-30 01_16_16">
      <DeploymentItem filename="E:\Labfiles\Lab 7\Ex1\Starter\StressTest\bin\Debug\StressTest.dll" />
    </Deployment>
    <Execution>
      <TestTypeSpecific />
      <AgentRule name="Execution Agents">
      </AgentRule>
    </Execution>
  </TestSettings>
  <Times creation="2022-06-30T01:16:16.2516953-07:00" queuing="2022-06-30T01:16:16.4479844-07:00" start="2022-06-30T01:16:16.4753281-07:00" finish="2022-06-30T01:16:16.5934922-07:00" />
  <ResultSummary outcome="Completed">
    <Counters total="5" executed="5" passed="5" error="0" failed="0" timeout="0" aborted="0" inconclusive="0" passedButRunAborted="0" notRunnable="0" notExecuted="0" disconnected="0" warning="0" completed="0" inProgress="0" pending="0" />
  </ResultSummary>
  <TestDefinitions>
    <UnitTest name="PerformStressTestTest" storage="e:\labfiles\lab 7\ex1\starter\stresstest unit test project\bin\debug\module 7 unit test project.dll" id="bbdebe19-d9b1-54e0-0b83-827f9b576015">
      <Execution id="76b0f54c-145e-46de-8662-f9727a965ca8" />
      <TestMethod codeBase="E:/Labfiles/Lab 7/Ex1/Starter/StressTest Unit Test Project/bin/Debug/Module 7 Unit Test Project.DLL" adapterTypeName="Microsoft.VisualStudio.TestTools.TestTypes.Unit.UnitTestAdapter, Microsoft.VisualStudio.QualityTools.Tips.UnitTest.Adapter, Version=10.0.0.0, Culture=neutral, PublicKeyToken=b03f5f7f11d50a3a" className="Module_7_Unit_Test_Project.StressTestCaseTest, Module 7 Unit Test Project, Version=1.0.0.0, Culture=neutral, PublicKeyToken=null" name="PerformStressTestTest" />
    </UnitTest>
    <UnitTest name="GetStressTestResultTest" storage="e:\labfiles\lab 7\ex1\starter\stresstest unit test project\bin\debug\module 7 unit test project.dll" id="70b9a4e8-adeb-92de-9a22-c40ce6116f91">
      <Execution id="0bec1adf-e124-414d-af8a-6a02d2cf9a7b" />
      <TestMethod codeBase="E:/Labfiles/Lab 7/Ex1/Starter/StressTest Unit Test Project/bin/Debug/Module 7 Unit Test Project.DLL" adapterTypeName="Microsoft.VisualStudio.TestTools.TestTypes.Unit.UnitTestAdapter, Microsoft.VisualStudio.QualityTools.Tips.UnitTest.Adapter, Version=10.0.0.0, Culture=neutral, PublicKeyToken=b03f5f7f11d50a3a" className="Module_7_Unit_Test_Project.StressTestCaseTest, Module 7 Unit Test Project, Version=1.0.0.0, Culture=neutral, PublicKeyToken=null" name="GetStressTestResultTest" />
    </UnitTest>
    <UnitTest name="StressTestCaseConstructorTest1" storage="e:\labfiles\lab 7\ex1\starter\stresstest unit test project\bin\debug\module 7 unit test project.dll" id="61c7c0c4-6e56-2e34-4cb3-02150288c418">
      <Execution id="44848021-e7d5-4c6f-b685-cc5286358a63" />
      <TestMethod codeBase="E:/Labfiles/Lab 7/Ex1/Starter/StressTest Unit Test Project/bin/Debug/Module 7 Unit Test Project.DLL" adapterTypeName="Microsoft.VisualStudio.TestTools.TestTypes.Unit.UnitTestAdapter, Microsoft.VisualStudio.QualityTools.Tips.UnitTest.Adapter, Version=10.0.0.0, Culture=neutral, PublicKeyToken=b03f5f7f11d50a3a" className="Module_7_Unit_Test_Project.StressTestCaseTest, Module 7 Unit Test Project, Version=1.0.0.0, Culture=neutral, PublicKeyToken=null" name="StressTestCaseConstructorTest1" />
    </UnitTest>
    <UnitTest name="StressTestCaseConstructorTest" storage="e:\labfiles\lab 7\ex1\starter\stresstest unit test project\bin\debug\module 7 unit test project.dll" id="4b5ca72b-c0e0-3aa2-217a-dcdd00acddfd">
      <Execution id="30b3d12b-f7fd-4891-9291-fd2ea1c83d42" />
      <TestMethod codeBase="E:/Labfiles/Lab 7/Ex1/Starter/StressTest Unit Test Project/bin/Debug/Module 7 Unit Test Project.DLL" adapterTypeName="Microsoft.VisualStudio.TestTools.TestTypes.Unit.UnitTestAdapter, Microsoft.VisualStudio.QualityTools.Tips.UnitTest.Adapter, Version=10.0.0.0, Culture=neutral, PublicKeyToken=b03f5f7f11d50a3a" className="Module_7_Unit_Test_Project.StressTestCaseTest, Module 7 Unit Test Project, Version=1.0.0.0, Culture=neutral, PublicKeyToken=null" name="StressTestCaseConstructorTest" />
    </UnitTest>
    <UnitTest name="ToStringTest" storage="e:\labfiles\lab 7\ex1\starter\stresstest unit test project\bin\debug\module 7 unit test project.dll" id="1c2d0dcc-1bcf-b45e-8838-454d0c31bbcd">
      <Execution id="00e2b3b9-4037-4f25-99e2-ae83d56be7d6" />
      <TestMethod codeBase="E:/Labfiles/Lab 7/Ex1/Starter/StressTest Unit Test Project/bin/Debug/Module 7 Unit Test Project.DLL" adapterTypeName="Microsoft.VisualStudio.TestTools.TestTypes.Unit.UnitTestAdapter, Microsoft.VisualStudio.QualityTools.Tips.UnitTest.Adapter, Version=10.0.0.0, Culture=neutral, PublicKeyToken=b03f5f7f11d50a3a" className="Module_7_Unit_Test_Project.StressTestCaseTest, Module 7 Unit Test Project, Version=1.0.0.0, Culture=neutral, PublicKeyToken=null" name="ToStringTest" />
    </UnitTest>
  </TestDefinitions>
  <TestLists>
    <TestList name="Results Not in a List" id="8c84fa94-04c1-424b-9868-57a2d4851a1d" />
    <TestList name="All Loaded Results" id="19431567-8539-422a-85d7-44ee4e166bda" />
  </TestLists>
  <TestEntries>
    <TestEntry testId="1c2d0dcc-1bcf-b45e-8838-454d0c31bbcd" executionId="00e2b3b9-4037-4f25-99e2-ae83d56be7d6" testListId="8c84fa94-04c1-424b-9868-57a2d4851a1d" />
    <TestEntry testId="4b5ca72b-c0e0-3aa2-217a-dcdd00acddfd" executionId="30b3d12b-f7fd-4891-9291-fd2ea1c83d42" testListId="8c84fa94-04c1-424b-9868-57a2d4851a1d" />
    <TestEntry testId="61c7c0c4-6e56-2e34-4cb3-02150288c418" executionId="44848021-e7d5-4c6f-b685-cc5286358a63" testListId="8c84fa94-04c1-424b-9868-57a2d4851a1d" />
    <TestEntry testId="70b9a4e8-adeb-92de-9a22-c40ce6116f91" executionId="0bec1adf-e124-414d-af8a-6a02d2cf9a7b" testListId="8c84fa94-04c1-424b-9868-57a2d4851a1d" />
    <TestEntry testId="bbdebe19-d9b1-54e0-0b83-827f9b576015" executionId="76b0f54c-145e-46de-8662-f9727a965ca8" testListId="8c84fa94-04c1-424b-9868-57a2d4851a1d" />
  </TestEntries>
  <Results>
    <UnitTestResult executionId="00e2b3b9-4037-4f25-99e2-ae83d56be7d6" testId="1c2d0dcc-1bcf-b45e-8838-454d0c31bbcd" testName="ToStringTest" computerName="10266A-GEN-DEV" duration="00:00:00.0081113" startTime="2022-06-30T01:16:16.4782578-07:00" endTime="2022-06-30T01:16:16.5759141-07:00" testType="13cdc9d9-ddb5-4fa4-a97d-d965ccfc6d4b" outcome="Passed" testListId="8c84fa94-04c1-424b-9868-57a2d4851a1d" relativeResultsDirectory="00e2b3b9-4037-4f25-99e2-ae83d56be7d6">
    </UnitTestResult>
    <UnitTestResult executionId="30b3d12b-f7fd-4891-9291-fd2ea1c83d42" testId="4b5ca72b-c0e0-3aa2-217a-dcdd00acddfd" testName="StressTestCaseConstructorTest" computerName="10266A-GEN-DEV" duration="00:00:00.0001187" startTime="2022-06-30T01:16:16.5759141-07:00" endTime="2022-06-30T01:16:16.5778672-07:00" testType="13cdc9d9-ddb5-4fa4-a97d-d965ccfc6d4b" outcome="Passed" testListId="8c84fa94-04c1-424b-9868-57a2d4851a1d" relativeResultsDirectory="30b3d12b-f7fd-4891-9291-fd2ea1c83d42">
    </UnitTestResult>
    <UnitTestResult executionId="44848021-e7d5-4c6f-b685-cc5286358a63" testId="61c7c0c4-6e56-2e34-4cb3-02150288c418" testName="StressTestCaseConstructorTest1" computerName="10266A-GEN-DEV" duration="00:00:00.0000903" startTime="2022-06-30T01:16:16.5778672-07:00" endTime="2022-06-30T01:16:16.5798203-07:00" testType="13cdc9d9-ddb5-4fa4-a97d-d965ccfc6d4b" outcome="Passed" testListId="8c84fa94-04c1-424b-9868-57a2d4851a1d" relativeResultsDirectory="44848021-e7d5-4c6f-b685-cc5286358a63">
    </UnitTestResult>
    <UnitTestResult executionId="0bec1adf-e124-414d-af8a-6a02d2cf9a7b" testId="70b9a4e8-adeb-92de-9a22-c40ce6116f91" testName="GetStressTestResultTest" computerName="10266A-GEN-DEV" duration="00:00:00.0005169" startTime="2022-06-30T01:16:16.5798203-07:00" endTime="2022-06-30T01:16:16.5827500-07:00" testType="13cdc9d9-ddb5-4fa4-a97d-d965ccfc6d4b" outcome="Passed" testListId="8c84fa94-04c1-424b-9868-57a2d4851a1d" relativeResultsDirectory="0bec1adf-e124-414d-af8a-6a02d2cf9a7b">
    </UnitTestResult>
    <UnitTestResult executionId="76b0f54c-145e-46de-8662-f9727a965ca8" testId="bbdebe19-d9b1-54e0-0b83-827f9b576015" testName="PerformStressTestTest" computerName="10266A-GEN-DEV" duration="00:00:00.0001817" startTime="2022-06-30T01:16:16.5827500-07:00" endTime="2022-06-30T01:16:16.5847031-07:00" testType="13cdc9d9-ddb5-4fa4-a97d-d965ccfc6d4b" outcome="Passed" testListId="8c84fa94-04c1-424b-9868-57a2d4851a1d" relativeResultsDirectory="76b0f54c-145e-46de-8662-f9727a965ca8">
    </UnitTestResult>
  </Results>
</TestRun>